Arguments: 
  C:\Users\User\AppData\Roaming\nvm\v18.12.1\node.exe C:\Program Files (x86)\Yarn\bin\yarn.js add sass

PATH: 
  C:\Program Files\Git\mingw64\bin;C:\Program Files\Git\usr\bin;C:\Users\User\bin;C:\PROGRA~1\Matrox VFW Software Codecs\System64;C:\PROGRA~1\Matrox VFW Software Codecs\System32;C:\Program Files (x86)\Common Files\Oracle\Java\javapath;C:\ProgramData\Oracle\Java\javapath;C:\Windows\system32;C:\Windows;C:\Windows\System32\Wbem;C:\Windows\System32\WindowsPowerShell\v1.0;C:\Program Files (x86)\NVIDIA Corporation\PhysX\Common;C:\Windows\System32\OpenSSH;C:\Program Files\NVIDIA Corporation\NVIDIA NGX;C:\ProgramData\chocolatey\bin;C:\WINDOWS\system32;C:\WINDOWS;C:\WINDOWS\System32\Wbem;C:\WINDOWS\System32\WindowsPowerShell\v1.0;C:\WINDOWS\System32\OpenSSH;C:\Users\User\AppData\Roaming\nvm;C:\Program Files\nodejs;C:\Program Files\Git\cmd;C:\Program Files (x86)\Yarn\bin;C:\Users\User\AppData\Local\Microsoft\WindowsApps;C:\Users\User\AppData\Local\Programs\Microsoft VS Code\bin;C:\Users\User\AppData\Local\GitHubDesktop\bin;C:\Users\User\AppData\Local\Microsoft\WindowsApps;C:\Users\User\AppData\Roaming\npm;C:\Users\User\AppData\Roaming\nvm;C:\Program Files\nodejs;C:\Users\User\AppData\Local\Yarn\bin

Yarn version: 
  1.22.4

Node version: 
  18.12.1

Platform: 
  win32 x64

Trace: 
  Error: EPERM: operation not permitted, unlink 'D:\_SITES\nefttttt\node_modules\@next\swc-win32-x64-msvc\next-swc.win32-x64-msvc.node'

npm manifest: 
  {
    "name": "nefttttt",
    "version": "0.1.0",
    "private": true,
    "scripts": {
      "dev": "next dev",
      "build": "next build",
      "start": "next start",
      "lint": "next lint"
    },
    "dependencies": {
      "@types/node": "18.11.14",
      "@types/react": "18.0.26",
      "@types/react-dom": "18.0.9",
      "eslint": "8.29.0",
      "eslint-config-next": "13.0.6",
      "next": "13.0.6",
      "react": "18.2.0",
      "react-dom": "18.2.0",
      "typescript": "4.9.4"
    }
  }

yarn manifest: 
  No manifest

Lockfile: 
  No lockfile
